<?xml version="1.0" encoding="UTF-8"?>
<!-- Generated by org.testng.reporters.JUnitXMLReporter -->
<testsuite hostname="Supto" ignored="0" name="Command line test" tests="5" failures="0" timestamp="2022-02-17T22:50:07 BDT" time="0.031" errors="0">
  <testcase name="bTest1" time="0.0" classname="ui.GroupsDemoTest"/>
  <testcase name="bTest2" time="0.0" classname="ui.GroupsDemoTest"/>
  <testcase name="csignupTest" time="0.0" classname="ui.GroupsDemoTest"/>
  <testcase name="bloginTest" time="0.0" classname="ui.GroupsDemoTest"/>
  <testcase name="alogoutTest" time="0.0" classname="ui.GroupsDemoTest"/>
</testsuite> <!-- Command line test -->
