<?xml version="1.0" encoding="UTF-8" ?>
<testsuite tests="10" failures="1" name="TestSuite" time="18.348" errors="0" skipped="0">
  <properties>
[...]
</properties>
  <testcase classname="ui.GroupsDemoTest" name="bTest1" time="0"/>
  <testcase classname="ui.GroupsDemoTest" name="bTest2" time="0"/>
  <testcase classname="ui.GroupsDemoTest" name="csignupTest" time="0"/>
  <testcase classname="ui.GroupsDemoTest" name="bloginTest" time="0"/>
  <testcase classname="ui.GroupsDemoTest" name="alogoutTest" time="0"/>
  <testcase classname="ui.LoginTest" name="csignupTest" time="0"/>
  <testcase classname="ui.LoginTest" name="bloginTest" time="0"/>
  <testcase classname="ui.LoginTest" name="alogoutTest" time="0"/>
  <testcase classname="ui.VerifyTitleTest" name="titleTest" time="12.863"/>
  <testcase classname="ui.VerifyTitleTestAndTextTest" name="titleTest" time="5.485">
    <failure message="unknown error: Chrome failed to start: exited normally.
  (chrome not reachable)
  (The process started from chrome location C:\Program Files (x86)\Google\Chrome\Application\chrome.exe is no longer running, so ChromeDriver is assuming that Chrome has crashed.)
Build info: version: &apos;3.141.59&apos;, revision: &apos;e82be7d358&apos;, time: &apos;2018-11-14T08:17:03&apos;
System info: host: &apos;SUPTO&apos;, ip: &apos;192.168.1.4&apos;, os.name: &apos;Windows 10&apos;, os.arch: &apos;amd64&apos;, os.version: &apos;10.0&apos;, java.version: &apos;1.8.0_111&apos;
Driver info: driver.version: ChromeDriver
remote stacktrace: Backtrace:
	Ordinal0 [0x003C7AC3+2587331]
	Ordinal0 [0x0035ADD1+2141649]
	Ordinal0 [0x00253BB8+1063864]
	Ordinal0 [0x002706E5+1181413]
	Ordinal0 [0x0026CC51+1166417]
	Ordinal0 [0x0029D12F+1364271]
	Ordinal0 [0x0029CD5A+1363290]
	Ordinal0 [0x002984A6+1344678]
	Ordinal0 [0x002753F6+1201142]
	Ordinal0 [0x002762E6+1204966]
	GetHandleVerifier [0x0056DF22+1680738]
	GetHandleVerifier [0x00620DBC+2413564]
	GetHandleVerifier [0x0045D151+563089]
	GetHandleVerifier [0x0045BF13+558419]
	Ordinal0 [0x0036081E+2164766]
	Ordinal0 [0x00365508+2184456]
	Ordinal0 [0x00365650+2184784]
	Ordinal0 [0x0036F5BC+2225596]
	BaseThreadInitThunk [0x76696739+25]
	RtlGetFullPathName_UEx [0x770A8E7F+1215]
	RtlGetFullPathName_UEx [0x770A8E4D+1165]
" type="org.openqa.selenium.WebDriverException">org.openqa.selenium.WebDriverException: unknown error: Chrome failed to start: exited normally.
  (chrome not reachable)
  (The process started from chrome location C:\Program Files (x86)\Google\Chrome\Application\chrome.exe is no longer running, so ChromeDriver is assuming that Chrome has crashed.)
Build info: version: &apos;3.141.59&apos;, revision: &apos;e82be7d358&apos;, time: &apos;2018-11-14T08:17:03&apos;
System info: host: &apos;SUPTO&apos;, ip: &apos;192.168.1.4&apos;, os.name: &apos;Windows 10&apos;, os.arch: &apos;amd64&apos;, os.version: &apos;10.0&apos;, java.version: &apos;1.8.0_111&apos;
Driver info: driver.version: ChromeDriver
remote stacktrace: Backtrace:
	Ordinal0 [0x003C7AC3+2587331]
	Ordinal0 [0x0035ADD1+2141649]
	Ordinal0 [0x00253BB8+1063864]
	Ordinal0 [0x002706E5+1181413]
	Ordinal0 [0x0026CC51+1166417]
	Ordinal0 [0x0029D12F+1364271]
	Ordinal0 [0x0029CD5A+1363290]
	Ordinal0 [0x002984A6+1344678]
	Ordinal0 [0x002753F6+1201142]
	Ordinal0 [0x002762E6+1204966]
	GetHandleVerifier [0x0056DF22+1680738]
	GetHandleVerifier [0x00620DBC+2413564]
	GetHandleVerifier [0x0045D151+563089]
	GetHandleVerifier [0x0045BF13+558419]
	Ordinal0 [0x0036081E+2164766]
	Ordinal0 [0x00365508+2184456]
	Ordinal0 [0x00365650+2184784]
	Ordinal0 [0x0036F5BC+2225596]
	BaseThreadInitThunk [0x76696739+25]
	RtlGetFullPathName_UEx [0x770A8E7F+1215]
	RtlGetFullPathName_UEx [0x770A8E4D+1165]

	at sun.reflect.NativeConstructorAccessorImpl.newInstance0(Native Method)
	at sun.reflect.NativeConstructorAccessorImpl.newInstance(NativeConstructorAccessorImpl.java:62)
	at sun.reflect.DelegatingConstructorAccessorImpl.newInstance(DelegatingConstructorAccessorImpl.java:45)
	at java.lang.reflect.Constructor.newInstance(Constructor.java:423)
	at org.openqa.selenium.remote.W3CHandshakeResponse.lambda$errorHandler$0(W3CHandshakeResponse.java:62)
	at org.openqa.selenium.remote.HandshakeResponse.lambda$getResponseFunction$0(HandshakeResponse.java:30)
	at org.openqa.selenium.remote.ProtocolHandshake.lambda$createSession$0(ProtocolHandshake.java:126)
	at java.util.stream.ReferencePipeline$3$1.accept(ReferencePipeline.java:193)
	at java.util.Spliterators$ArraySpliterator.tryAdvance(Spliterators.java:958)
	at java.util.stream.ReferencePipeline.forEachWithCancel(ReferencePipeline.java:126)
	at java.util.stream.AbstractPipeline.copyIntoWithCancel(AbstractPipeline.java:498)
	at java.util.stream.AbstractPipeline.copyInto(AbstractPipeline.java:485)
	at java.util.stream.AbstractPipeline.wrapAndCopyInto(AbstractPipeline.java:471)
	at java.util.stream.FindOps$FindOp.evaluateSequential(FindOps.java:152)
	at java.util.stream.AbstractPipeline.evaluate(AbstractPipeline.java:234)
	at java.util.stream.ReferencePipeline.findFirst(ReferencePipeline.java:464)
	at org.openqa.selenium.remote.ProtocolHandshake.createSession(ProtocolHandshake.java:128)
	at org.openqa.selenium.remote.ProtocolHandshake.createSession(ProtocolHandshake.java:74)
	at org.openqa.selenium.remote.HttpCommandExecutor.execute(HttpCommandExecutor.java:136)
	at org.openqa.selenium.remote.service.DriverCommandExecutor.execute(DriverCommandExecutor.java:83)
	at org.openqa.selenium.remote.RemoteWebDriver.execute(RemoteWebDriver.java:552)
	at org.openqa.selenium.remote.RemoteWebDriver.startSession(RemoteWebDriver.java:213)
	at org.openqa.selenium.remote.RemoteWebDriver.&lt;init&gt;(RemoteWebDriver.java:131)
	at org.openqa.selenium.chrome.ChromeDriver.&lt;init&gt;(ChromeDriver.java:181)
	at org.openqa.selenium.chrome.ChromeDriver.&lt;init&gt;(ChromeDriver.java:168)
	at org.openqa.selenium.chrome.ChromeDriver.&lt;init&gt;(ChromeDriver.java:123)
	at ui.VerifyTitleTestAndTextTest.titleTest(VerifyTitleTestAndTextTest.java:28)
</failure>
    <system-err>Starting ChromeDriver 98.0.4758.80 (7f0488e8ba0d8e019187c6325a16c29d9b7f4989-refs/branch-heads/4758@{#972}) on port 45019
Only local connections are allowed.
Please see https://chromedriver.chromium.org/security-considerations for suggestions on keeping ChromeDriver safe.
ChromeDriver was started successfully.
</system-err>
  </testcase>
</testsuite>