<?xml version="1.0" encoding="UTF-8"?>
<testng-results skipped="0" failed="1" ignored="0" total="10" passed="9">
  <reporter-output>
  </reporter-output>
  <suite name="Command line suite" duration-ms="18394" started-at="2022-02-18T00:11:47 BDT" finished-at="2022-02-18T00:12:05 BDT">
    <groups>
      <group name="bvt">
        <method signature="GroupsDemoTest.bTest1()[pri:0, instance:ui.GroupsDemoTest@7791a895]" name="bTest1" class="ui.GroupsDemoTest"/>
        <method signature="GroupsDemoTest.bTest2()[pri:0, instance:ui.GroupsDemoTest@7791a895]" name="bTest2" class="ui.GroupsDemoTest"/>
      </group> <!-- bvt -->
      <group name="regression">
        <method signature="GroupsDemoTest.bTest1()[pri:0, instance:ui.GroupsDemoTest@7791a895]" name="bTest1" class="ui.GroupsDemoTest"/>
        <method signature="GroupsDemoTest.csignupTest()[pri:0, instance:ui.GroupsDemoTest@7791a895]" name="csignupTest" class="ui.GroupsDemoTest"/>
        <method signature="GroupsDemoTest.bloginTest()[pri:1, instance:ui.GroupsDemoTest@7791a895]" name="bloginTest" class="ui.GroupsDemoTest"/>
        <method signature="GroupsDemoTest.alogoutTest()[pri:2, instance:ui.GroupsDemoTest@7791a895]" name="alogoutTest" class="ui.GroupsDemoTest"/>
      </group> <!-- regression -->
    </groups>
    <test name="Command line test" duration-ms="18394" started-at="2022-02-18T00:11:47 BDT" finished-at="2022-02-18T00:12:05 BDT">
      <class name="ui.VerifyTitleTest">
        <test-method status="PASS" signature="titleTest()[pri:0, instance:ui.VerifyTitleTest@7c29daf3]" name="titleTest" duration-ms="12863" started-at="2022-02-18T00:11:47 BDT" finished-at="2022-02-18T00:11:59 BDT">
          <reporter-output>
          </reporter-output>
        </test-method> <!-- titleTest -->
      </class> <!-- ui.VerifyTitleTest -->
      <class name="ui.VerifyTitleTestAndTextTest">
        <test-method status="FAIL" signature="titleTest()[pri:0, instance:ui.VerifyTitleTestAndTextTest@9660f4e]" name="titleTest" duration-ms="5482" started-at="2022-02-18T00:11:59 BDT" finished-at="2022-02-18T00:12:05 BDT">
          <exception class="org.openqa.selenium.WebDriverException">
            <message>
              <![CDATA[unknown error: Chrome failed to start: exited normally.
  (chrome not reachable)
  (The process started from chrome location C:\Program Files (x86)\Google\Chrome\Application\chrome.exe is no longer running, so ChromeDriver is assuming that Chrome has crashed.)
Build info: version: '3.141.59', revision: 'e82be7d358', time: '2018-11-14T08:17:03'
System info: host: 'SUPTO', ip: '192.168.1.4', os.name: 'Windows 10', os.arch: 'amd64', os.version: '10.0', java.version: '1.8.0_111'
Driver info: driver.version: ChromeDriver
remote stacktrace: Backtrace:
Ordinal0 [0x003C7AC3+2587331]
Ordinal0 [0x0035ADD1+2141649]
Ordinal0 [0x00253BB8+1063864]
Ordinal0 [0x002706E5+1181413]
Ordinal0 [0x0026CC51+1166417]
Ordinal0 [0x0029D12F+1364271]
Ordinal0 [0x0029CD5A+1363290]
Ordinal0 [0x002984A6+1344678]
Ordinal0 [0x002753F6+1201142]
Ordinal0 [0x002762E6+1204966]
GetHandleVerifier [0x0056DF22+1680738]
GetHandleVerifier [0x00620DBC+2413564]
GetHandleVerifier [0x0045D151+563089]
GetHandleVerifier [0x0045BF13+558419]
Ordinal0 [0x0036081E+2164766]
Ordinal0 [0x00365508+2184456]
Ordinal0 [0x00365650+2184784]
Ordinal0 [0x0036F5BC+2225596]
BaseThreadInitThunk [0x76696739+25]
RtlGetFullPathName_UEx [0x770A8E7F+1215]
RtlGetFullPathName_UEx [0x770A8E4D+1165]
]]>
            </message>
            <full-stacktrace>
              <![CDATA[org.openqa.selenium.WebDriverException: unknown error: Chrome failed to start: exited normally.
  (chrome not reachable)
  (The process started from chrome location C:\Program Files (x86)\Google\Chrome\Application\chrome.exe is no longer running, so ChromeDriver is assuming that Chrome has crashed.)
Build info: version: '3.141.59', revision: 'e82be7d358', time: '2018-11-14T08:17:03'
System info: host: 'SUPTO', ip: '192.168.1.4', os.name: 'Windows 10', os.arch: 'amd64', os.version: '10.0', java.version: '1.8.0_111'
Driver info: driver.version: ChromeDriver
remote stacktrace: Backtrace:
Ordinal0 [0x003C7AC3+2587331]
Ordinal0 [0x0035ADD1+2141649]
Ordinal0 [0x00253BB8+1063864]
Ordinal0 [0x002706E5+1181413]
Ordinal0 [0x0026CC51+1166417]
Ordinal0 [0x0029D12F+1364271]
Ordinal0 [0x0029CD5A+1363290]
Ordinal0 [0x002984A6+1344678]
Ordinal0 [0x002753F6+1201142]
Ordinal0 [0x002762E6+1204966]
GetHandleVerifier [0x0056DF22+1680738]
GetHandleVerifier [0x00620DBC+2413564]
GetHandleVerifier [0x0045D151+563089]
GetHandleVerifier [0x0045BF13+558419]
Ordinal0 [0x0036081E+2164766]
Ordinal0 [0x00365508+2184456]
Ordinal0 [0x00365650+2184784]
Ordinal0 [0x0036F5BC+2225596]
BaseThreadInitThunk [0x76696739+25]
RtlGetFullPathName_UEx [0x770A8E7F+1215]
RtlGetFullPathName_UEx [0x770A8E4D+1165]

at sun.reflect.NativeConstructorAccessorImpl.newInstance0(Native Method)
at sun.reflect.NativeConstructorAccessorImpl.newInstance(NativeConstructorAccessorImpl.java:62)
at sun.reflect.DelegatingConstructorAccessorImpl.newInstance(DelegatingConstructorAccessorImpl.java:45)
at java.lang.reflect.Constructor.newInstance(Constructor.java:423)
at org.openqa.selenium.remote.W3CHandshakeResponse.lambda$errorHandler$0(W3CHandshakeResponse.java:62)
at org.openqa.selenium.remote.HandshakeResponse.lambda$getResponseFunction$0(HandshakeResponse.java:30)
at org.openqa.selenium.remote.ProtocolHandshake.lambda$createSession$0(ProtocolHandshake.java:126)
at java.util.stream.ReferencePipeline$3$1.accept(ReferencePipeline.java:193)
at java.util.Spliterators$ArraySpliterator.tryAdvance(Spliterators.java:958)
at java.util.stream.ReferencePipeline.forEachWithCancel(ReferencePipeline.java:126)
at java.util.stream.AbstractPipeline.copyIntoWithCancel(AbstractPipeline.java:498)
at java.util.stream.AbstractPipeline.copyInto(AbstractPipeline.java:485)
at java.util.stream.AbstractPipeline.wrapAndCopyInto(AbstractPipeline.java:471)
at java.util.stream.FindOps$FindOp.evaluateSequential(FindOps.java:152)
at java.util.stream.AbstractPipeline.evaluate(AbstractPipeline.java:234)
at java.util.stream.ReferencePipeline.findFirst(ReferencePipeline.java:464)
at org.openqa.selenium.remote.ProtocolHandshake.createSession(ProtocolHandshake.java:128)
at org.openqa.selenium.remote.ProtocolHandshake.createSession(ProtocolHandshake.java:74)
at org.openqa.selenium.remote.HttpCommandExecutor.execute(HttpCommandExecutor.java:136)
at org.openqa.selenium.remote.service.DriverCommandExecutor.execute(DriverCommandExecutor.java:83)
at org.openqa.selenium.remote.RemoteWebDriver.execute(RemoteWebDriver.java:552)
at org.openqa.selenium.remote.RemoteWebDriver.startSession(RemoteWebDriver.java:213)
at org.openqa.selenium.remote.RemoteWebDriver.<init>(RemoteWebDriver.java:131)
at org.openqa.selenium.chrome.ChromeDriver.<init>(ChromeDriver.java:181)
at org.openqa.selenium.chrome.ChromeDriver.<init>(ChromeDriver.java:168)
at org.openqa.selenium.chrome.ChromeDriver.<init>(ChromeDriver.java:123)
at ui.VerifyTitleTestAndTextTest.titleTest(VerifyTitleTestAndTextTest.java:28)
at sun.reflect.NativeMethodAccessorImpl.invoke0(Native Method)
at sun.reflect.NativeMethodAccessorImpl.invoke(NativeMethodAccessorImpl.java:62)
at sun.reflect.DelegatingMethodAccessorImpl.invoke(DelegatingMethodAccessorImpl.java:43)
at java.lang.reflect.Method.invoke(Method.java:498)
at org.testng.internal.invokers.MethodInvocationHelper.invokeMethod(MethodInvocationHelper.java:135)
at org.testng.internal.invokers.TestInvoker.invokeMethod(TestInvoker.java:673)
at org.testng.internal.invokers.TestInvoker.invokeTestMethod(TestInvoker.java:220)
at org.testng.internal.invokers.MethodRunner.runInSequence(MethodRunner.java:50)
at org.testng.internal.invokers.TestInvoker$MethodInvocationAgent.invoke(TestInvoker.java:945)
at org.testng.internal.invokers.TestInvoker.invokeTestMethods(TestInvoker.java:193)
at org.testng.internal.invokers.TestMethodWorker.invokeTestMethods(TestMethodWorker.java:146)
at org.testng.internal.invokers.TestMethodWorker.run(TestMethodWorker.java:128)
at java.util.ArrayList.forEach(ArrayList.java:1249)
at org.testng.TestRunner.privateRun(TestRunner.java:808)
at org.testng.TestRunner.run(TestRunner.java:603)
at org.testng.SuiteRunner.runTest(SuiteRunner.java:429)
at org.testng.SuiteRunner.runSequentially(SuiteRunner.java:423)
at org.testng.SuiteRunner.privateRun(SuiteRunner.java:383)
at org.testng.SuiteRunner.run(SuiteRunner.java:326)
at org.testng.SuiteRunnerWorker.runSuite(SuiteRunnerWorker.java:52)
at org.testng.SuiteRunnerWorker.run(SuiteRunnerWorker.java:95)
at org.testng.TestNG.runSuitesSequentially(TestNG.java:1249)
at org.testng.TestNG.runSuitesLocally(TestNG.java:1169)
at org.testng.TestNG.runSuites(TestNG.java:1092)
at org.testng.TestNG.run(TestNG.java:1060)
at org.apache.maven.surefire.testng.TestNGExecutor.run(TestNGExecutor.java:77)
at org.apache.maven.surefire.testng.TestNGDirectoryTestSuite.executeMulti(TestNGDirectoryTestSuite.java:159)
at org.apache.maven.surefire.testng.TestNGDirectoryTestSuite.execute(TestNGDirectoryTestSuite.java:99)
at org.apache.maven.surefire.testng.TestNGProvider.invoke(TestNGProvider.java:106)
at sun.reflect.NativeMethodAccessorImpl.invoke0(Native Method)
at sun.reflect.NativeMethodAccessorImpl.invoke(NativeMethodAccessorImpl.java:62)
at sun.reflect.DelegatingMethodAccessorImpl.invoke(DelegatingMethodAccessorImpl.java:43)
at java.lang.reflect.Method.invoke(Method.java:498)
at org.apache.maven.surefire.util.ReflectionUtils.invokeMethodWithArray(ReflectionUtils.java:189)
at org.apache.maven.surefire.booter.ProviderFactory$ProviderProxy.invoke(ProviderFactory.java:165)
at org.apache.maven.surefire.booter.ProviderFactory.invokeProvider(ProviderFactory.java:85)
at org.apache.maven.surefire.booter.ForkedBooter.runSuitesInProcess(ForkedBooter.java:115)
at org.apache.maven.surefire.booter.ForkedBooter.main(ForkedBooter.java:75)
]]>
            </full-stacktrace>
          </exception> <!-- org.openqa.selenium.WebDriverException -->
          <reporter-output>
          </reporter-output>
        </test-method> <!-- titleTest -->
      </class> <!-- ui.VerifyTitleTestAndTextTest -->
      <class name="ui.GroupsDemoTest">
        <test-method status="PASS" signature="bloginTest()[pri:1, instance:ui.GroupsDemoTest@7791a895]" name="bloginTest" duration-ms="0" started-at="2022-02-18T00:11:47 BDT" finished-at="2022-02-18T00:11:47 BDT">
          <reporter-output>
          </reporter-output>
        </test-method> <!-- bloginTest -->
        <test-method status="PASS" signature="csignupTest()[pri:0, instance:ui.GroupsDemoTest@7791a895]" name="csignupTest" duration-ms="0" started-at="2022-02-18T00:11:47 BDT" finished-at="2022-02-18T00:11:47 BDT">
          <reporter-output>
          </reporter-output>
        </test-method> <!-- csignupTest -->
        <test-method status="PASS" signature="alogoutTest()[pri:2, instance:ui.GroupsDemoTest@7791a895]" name="alogoutTest" duration-ms="0" started-at="2022-02-18T00:11:47 BDT" finished-at="2022-02-18T00:11:47 BDT">
          <reporter-output>
          </reporter-output>
        </test-method> <!-- alogoutTest -->
        <test-method status="PASS" signature="bTest1()[pri:0, instance:ui.GroupsDemoTest@7791a895]" name="bTest1" duration-ms="0" started-at="2022-02-18T00:11:47 BDT" finished-at="2022-02-18T00:11:47 BDT">
          <reporter-output>
          </reporter-output>
        </test-method> <!-- bTest1 -->
        <test-method status="PASS" signature="bTest2()[pri:0, instance:ui.GroupsDemoTest@7791a895]" name="bTest2" duration-ms="0" started-at="2022-02-18T00:11:47 BDT" finished-at="2022-02-18T00:11:47 BDT">
          <reporter-output>
          </reporter-output>
        </test-method> <!-- bTest2 -->
      </class> <!-- ui.GroupsDemoTest -->
      <class name="ui.LoginTest">
        <test-method status="PASS" signature="loginToApplication()[pri:0, instance:ui.LoginTest@4bbfb90a]" name="loginToApplication" is-config="true" duration-ms="16" started-at="2022-02-18T00:11:47 BDT" finished-at="2022-02-18T00:11:47 BDT">
          <reporter-output>
          </reporter-output>
        </test-method> <!-- loginToApplication -->
        <test-method status="PASS" signature="disconnectDb()[pri:0, instance:ui.LoginTest@4bbfb90a]" name="disconnectDb" is-config="true" duration-ms="0" started-at="2022-02-18T00:11:47 BDT" finished-at="2022-02-18T00:11:47 BDT">
          <reporter-output>
          </reporter-output>
        </test-method> <!-- disconnectDb -->
        <test-method status="PASS" signature="connectDb()[pri:0, instance:ui.LoginTest@4bbfb90a]" name="connectDb" is-config="true" duration-ms="0" started-at="2022-02-18T00:11:47 BDT" finished-at="2022-02-18T00:11:47 BDT">
          <reporter-output>
          </reporter-output>
        </test-method> <!-- connectDb -->
        <test-method status="PASS" signature="disconnectDb()[pri:0, instance:ui.LoginTest@4bbfb90a]" name="disconnectDb" is-config="true" duration-ms="0" started-at="2022-02-18T00:11:47 BDT" finished-at="2022-02-18T00:11:47 BDT">
          <reporter-output>
          </reporter-output>
        </test-method> <!-- disconnectDb -->
        <test-method status="PASS" signature="connectDb()[pri:0, instance:ui.LoginTest@4bbfb90a]" name="connectDb" is-config="true" duration-ms="0" started-at="2022-02-18T00:11:47 BDT" finished-at="2022-02-18T00:11:47 BDT">
          <reporter-output>
          </reporter-output>
        </test-method> <!-- connectDb -->
        <test-method status="PASS" signature="csignupTest()[pri:0, instance:ui.LoginTest@4bbfb90a]" name="csignupTest" duration-ms="0" started-at="2022-02-18T00:11:47 BDT" description="This is for signup Test" finished-at="2022-02-18T00:11:47 BDT">
          <reporter-output>
          </reporter-output>
        </test-method> <!-- csignupTest -->
        <test-method status="PASS" signature="disconnectDb()[pri:0, instance:ui.LoginTest@4bbfb90a]" name="disconnectDb" is-config="true" duration-ms="0" started-at="2022-02-18T00:11:47 BDT" finished-at="2022-02-18T00:11:47 BDT">
          <reporter-output>
          </reporter-output>
        </test-method> <!-- disconnectDb -->
        <test-method status="PASS" signature="connectDb()[pri:0, instance:ui.LoginTest@4bbfb90a]" name="connectDb" is-config="true" duration-ms="0" started-at="2022-02-18T00:11:47 BDT" finished-at="2022-02-18T00:11:47 BDT">
          <reporter-output>
          </reporter-output>
        </test-method> <!-- connectDb -->
        <test-method status="PASS" signature="bloginTest()[pri:1, instance:ui.LoginTest@4bbfb90a]" name="bloginTest" duration-ms="0" started-at="2022-02-18T00:11:47 BDT" description="This is for Login Test" finished-at="2022-02-18T00:11:47 BDT">
          <reporter-output>
          </reporter-output>
        </test-method> <!-- bloginTest -->
        <test-method status="PASS" signature="alogoutTest()[pri:2, instance:ui.LoginTest@4bbfb90a]" name="alogoutTest" duration-ms="0" started-at="2022-02-18T00:11:47 BDT" description="This is for Logout Test" finished-at="2022-02-18T00:11:47 BDT">
          <reporter-output>
          </reporter-output>
        </test-method> <!-- alogoutTest -->
        <test-method status="PASS" signature="logoutFromApplication()[pri:0, instance:ui.LoginTest@4bbfb90a]" name="logoutFromApplication" is-config="true" duration-ms="0" started-at="2022-02-18T00:12:05 BDT" finished-at="2022-02-18T00:12:05 BDT">
          <reporter-output>
          </reporter-output>
        </test-method> <!-- logoutFromApplication -->
      </class> <!-- ui.LoginTest -->
    </test> <!-- Command line test -->
  </suite> <!-- Command line suite -->
</testng-results>
